ď»ż
> app@0.1.0 build
> next build

Î“Ă»â–“ Next.js 16.2.6 (Turbopack)
- Environments: .env.local
- Experiments (use with caution):
  â”¬â•– clientTraceMetadata

  Creating an optimized production build ...
Î“ÂŁĂ´ Compiled successfully in 29.4s
  Running next.config.js provided runAfterProductionCompile ...
Î“ÂŁĂ´ Completed runAfterProductionCompile in 65s
  Running TypeScript ...
  Finished TypeScript in 25.1s ...
  Collecting page data using 11 workers ...
node.exe : Î“ĂśĂˇ Using edge runtime on a page currently disables static 
generation for that page
At line:1 char:1
+ & "C:\Program Files\nodejs/node.exe" "C:\Users\Soumeet Kumar 
Barik\Ap ...
+ 
~~~~~~~~~~~~~~~~~~~~~~~~~~~~~~~~~~~~~~~~~~~~~~~~~~~~~~~~~~~~~~~~~~~~~
    + CategoryInfo          : NotSpecified: (Î“ĂśĂˇ Using edge ...n for  
   that page:String) [], RemoteException
    + FullyQualifiedErrorId : NativeCommandError
 
(node:25800) Warning: `--localstorage-file` was provided without a 
valid path
(Use `node --trace-warnings ...` to show where the warning was 
created)
(node:3988) Warning: `--localstorage-file` was provided without a 
valid path
(Use `node --trace-warnings ...` to show where the warning was 
created)
(node:27840) Warning: `--localstorage-file` was provided without a 
valid path
(Use `node --trace-warnings ...` to show where the warning was 
created)
  Generating static pages using 11 workers (0/68) ...
(node:18924) Warning: `--localstorage-file` was provided without a 
valid path
(Use `node --trace-warnings ...` to show where the warning was 
created)
(node:28436) Warning: `--localstorage-file` was provided without a 
valid path
(Use `node --trace-warnings ...` to show where the warning was 
created)
  Generating static pages using 11 workers (17/68) 
  Generating static pages using 11 workers (34/68) 
  Generating static pages using 11 workers (51/68) 
Î“ÂŁĂ´ Generating static pages using 11 workers (68/68) in 4.1s
  Finalizing page optimization ...

Route (app)
Î“Ă¶Ă® Î“ĂąĂŻ /
Î“Ă¶ÂŁ Î“ĂąĂŻ /_not-found
Î“Ă¶ÂŁ Î“ĂąĂŻ /about-us
Î“Ă¶ÂŁ â•žĂ† /api/case-study-lead
Î“Ă¶ÂŁ â•žĂ† /api/draft-mode/disable
Î“Ă¶ÂŁ â•žĂ† /api/draft-mode/enable
Î“Ă¶ÂŁ â•žĂ† /api/sanity/exit-preview
Î“Ă¶ÂŁ â•žĂ† /api/sanity/preview
Î“Ă¶ÂŁ â•žĂ† /api/sentry-example-api
Î“Ă¶ÂŁ Î“ĂąĂŻ /avoora
Î“Ă¶ÂŁ Î“ĂąĂŻ /blog
Î“Ă¶ÂŁ Î“ĂąĂ… /blog/[slug]
Î“Ă¶Ă© Î“Ă¶ÂŁ /blog/ai-enterprise-transformation
Î“Ă¶Ă© Î“Ă¶ÂŁ /blog/nextjs-14-modern-development
Î“Ă¶Ă© Î“Ă¶ÂŁ /blog/data-engineering-trends-2024
Î“Ă¶Ă© Î“Ă¶Ă¶ [+13 more paths]
Î“Ă¶ÂŁ Î“ĂąĂŻ /careers
Î“Ă¶ÂŁ Î“ĂąĂŻ /case-studies/ai
Î“Ă¶ÂŁ Î“ĂąĂŻ /case-studies/mobile
Î“Ă¶ÂŁ Î“ĂąĂŻ /case-studies/power-platform
Î“Ă¶ÂŁ Î“ĂąĂŻ /case-studies/sharepoint
Î“Ă¶ÂŁ Î“ĂąĂŻ /case-studies/web
Î“Ă¶ÂŁ Î“ĂąĂŻ /contact
Î“Ă¶ÂŁ â•žĂ† /opengraph-image
Î“Ă¶ÂŁ Î“ĂąĂŻ /privacy-policy
Î“Ă¶ÂŁ Î“ĂąĂŻ /record-slides
Î“Ă¶ÂŁ Î“ĂąĂŻ /sentry-example-page
Î“Ă¶ÂŁ Î“ĂąĂŻ /servicepage_new
Î“Ă¶ÂŁ Î“ĂąĂŻ /services
Î“Ă¶ÂŁ Î“ĂąĂŻ /services/ai-intelligence/agentic-ai
Î“Ă¶ÂŁ Î“ĂąĂŻ /services/ai-intelligence/generative-ai
Î“Ă¶ÂŁ Î“ĂąĂŻ /services/ai-powered-test-automation
Î“Ă¶ÂŁ Î“ĂąĂŻ /services/business-applications/mvp
Î“Ă¶ÂŁ Î“ĂąĂŻ /services/business-applications/power-platform
Î“Ă¶ÂŁ Î“ĂąĂŻ /services/business-applications/softree-for-startups
Î“Ă¶ÂŁ Î“ĂąĂŻ /services/data-analytics/microsoft-fabric
Î“Ă¶ÂŁ Î“ĂąĂŻ /services/data-analytics/power-bi
Î“Ă¶ÂŁ Î“ĂąĂŻ /services/digital-workspace/mobile-app-development
Î“Ă¶ÂŁ Î“ĂąĂŻ /services/digital-workspace/react-web-development
Î“Ă¶ÂŁ Î“ĂąĂŻ /services/digital-workspace/sharepoint
Î“Ă¶ÂŁ Î“ĂąĂŻ /services/digital-workspace/spfx-developments
Î“Ă¶ÂŁ Î“ĂąĂŻ /services/digital-workspace/web-app-development
Î“Ă¶ÂŁ Î“ĂąĂŻ /services/mvp
Î“Ă¶ÂŁ Î“ĂąĂŻ /services/offshore-ai-development
Î“Ă¶ÂŁ Î“ĂąĂŻ /services/offshore-data-analytics
Î“Ă¶ÂŁ Î“ĂąĂŻ /services/offshore-generative-ai-development
Î“Ă¶ÂŁ Î“ĂąĂŻ /services/offshore-microsoft-fabric
Î“Ă¶ÂŁ Î“ĂąĂŻ /services/offshore-mobile-app-development
Î“Ă¶ÂŁ Î“ĂąĂŻ /services/offshore-power-platform-development
Î“Ă¶ÂŁ Î“ĂąĂŻ /services/offshore-sharepoint-development
Î“Ă¶ÂŁ Î“ĂąĂŻ /services/offshore-spfx-development
Î“Ă¶ÂŁ Î“ĂąĂŻ /services/offshore-web-app-development
Î“Ă¶ÂŁ Î“ĂąĂŻ /showcase
Î“Ă¶ÂŁ Î“ĂąĂŻ /sitemap.xml
Î“Ă¶ÂŁ Î“ĂąĂŻ /studio/[[...tool]]
Î“Ă¶ÂŁ Î“ĂąĂŻ /terms
Î“Ă¶ÂŁ Î“ĂąĂŻ /timeline-component-05
Î“Ă¶Ă¶ Î“ĂąĂŻ /wireframe


Î“ĂąĂŻ  (Static)   prerendered as static content
Î“ĂąĂ…  (SSG)      prerendered as static HTML (uses generateStaticParams)
â•žĂ†  (Dynamic)  server-rendered on demand

